2017-11-25 22:44:50	Book	 DVLS1000 2017-09-18 201 7:30-9:30	Failure	 
2017-11-25 22:44:50	GetAvailTimeSlot	 2017-09-18	Success	 DVL5 KKL5 WST5
2017-11-25 22:44:50	Book	 DVLS1000 2017-09-18 201 10:00-12:30	Failure	 
2017-11-25 22:44:50	GetAvailTimeSlot	 2017-09-18	Success	 DVL5 KKL5 WST5
2017-11-25 22:44:50	Book	 DVLS1000 2017-09-18 201 13:30-16:00	Failure	 
2017-11-25 22:44:50	GetAvailTimeSlot	 2017-09-18	Success	 DVL5 KKL5 WST5
2017-11-25 22:44:50	Book	 DVLS1000 2017-09-18 201 17:00-18:00	Failure	 
2017-11-25 22:44:50	GetAvailTimeSlot	 2017-09-18	Success	 DVL5 KKL5 WST5
2017-11-25 22:44:50	Book	 DVLS1000 2017-09-18 201 19:00-20:00	Failure	 
2017-11-25 22:44:50	GetAvailTimeSlot	 2017-09-18	Success	 DVL5 KKL5 WST5
2017-11-25 22:44:50	Book	 DVLS1000 2017-09-18 201 7:30-9:30	Failure	 
2017-11-25 22:44:50	GetAvailTimeSlot	 2017-09-18	Success	 DVL0 KKL5 WST5
2017-11-25 22:44:50	Book	 DVLS1000 2017-09-18 201 10:00-12:30	Failure	 
2017-11-25 22:44:50	GetAvailTimeSlot	 2017-09-18	Success	 DVL0 KKL5 WST5
2017-11-25 22:44:50	Book	 DVLS1000 2017-09-18 201 13:30-16:00	Failure	 
2017-11-25 22:44:50	GetAvailTimeSlot	 2017-09-18	Success	 DVL0 KKL5 WST5
2017-11-25 22:44:50	Book	 DVLS1000 2017-09-18 201 17:00-18:00	Failure	 
2017-11-25 22:44:50	GetAvailTimeSlot	 2017-09-18	Success	 DVL0 KKL5 WST5
2017-11-25 22:44:50	Book	 DVLS1000 2017-09-18 201 19:00-20:00	Failure	 
2017-11-25 22:44:50	GetAvailTimeSlot	 2017-09-18	Success	 DVL0 KKL5 WST5
2017-11-25 22:44:50	GetAvailTimeSlot	 2017-09-18	Success	 DVL0 KKL5 WST5
2017-11-25 22:44:50	Book	 DVLS1000 2017-09-18 201 7:30-9:30	Failure	 
2017-11-25 22:44:50	GetAvailTimeSlot	 2017-09-18	Success	 DVL0 KKL5 WST5
2017-11-25 22:44:50	Book	 DVLS1000 2017-09-18 201 10:00-12:30	Failure	 
2017-11-25 22:44:50	GetAvailTimeSlot	 2017-09-18	Success	 DVL5 KKL5 WST5
2017-11-25 23:29:39	Book	 DVLS1000 2017-09-18 201 7:30-9:30	Success	 20387
2017-11-25 23:29:40	GetAvailTimeSlot	 2017-09-18	Success	 DVL4 KKL5 WST5
2017-11-25 23:29:40	Book	 DVLS1000 2017-09-18 201 10:00-12:30	Success	 72544
2017-11-25 23:29:40	GetAvailTimeSlot	 2017-09-18	Success	 DVL3 KKL5 WST5
2017-11-25 23:29:40	Book	 DVLS1000 2017-09-18 201 13:30-16:00	Success	 83191
2017-11-25 23:29:40	GetAvailTimeSlot	 2017-09-18	Success	 DVL2 KKL5 WST5
2017-11-25 23:29:40	Book	 DVLS1000 2017-09-18 201 17:00-18:00	Failure	 
2017-11-25 23:29:40	GetAvailTimeSlot	 2017-09-18	Success	 DVL2 KKL5 WST5
2017-11-25 23:29:40	Book	 DVLS1000 2017-09-18 201 19:00-20:00	Failure	 
2017-11-25 23:29:40	GetAvailTimeSlot	 2017-09-18	Success	 DVL2 KKL5 WST5
2017-11-25 23:29:40	Book	 DVLS1000 2017-09-18 201 7:30-9:30	Success	 22334
2017-11-25 23:29:40	GetAvailTimeSlot	 2017-09-18	Success	 DVL0 KKL4 WST5
2017-11-25 23:29:40	Book	 DVLS1000 2017-09-18 201 10:00-12:30	Success	 49830
2017-11-25 23:29:40	GetAvailTimeSlot	 2017-09-18	Success	 DVL0 KKL3 WST5
2017-11-25 23:29:40	Book	 DVLS1000 2017-09-18 201 13:30-16:00	Success	 42570
2017-11-25 23:29:40	GetAvailTimeSlot	 2017-09-18	Success	 DVL0 KKL2 WST5
2017-11-25 23:29:40	Book	 DVLS1000 2017-09-18 201 17:00-18:00	Failure	 
2017-11-25 23:29:40	GetAvailTimeSlot	 2017-09-18	Success	 DVL0 KKL2 WST5
2017-11-25 23:29:40	Book	 DVLS1000 2017-09-18 201 19:00-20:00	Failure	 
2017-11-25 23:29:40	GetAvailTimeSlot	 2017-09-18	Success	 DVL0 KKL2 WST5
2017-11-25 23:29:40	CancelBook	 22334	Failure	 
2017-11-25 23:29:40	CancelBook	 49830	Failure	 
2017-11-25 23:29:40	CancelBook	 42570	Failure	 
2017-11-25 23:29:40	GetAvailTimeSlot	 2017-09-18	Success	 DVL0 KKL0 WST5
2017-11-25 23:29:40	Book	 DVLS1000 2017-09-18 201 7:30-9:30	Failure	 
2017-11-25 23:29:40	GetAvailTimeSlot	 2017-09-18	Success	 DVL0 KKL0 WST5
2017-11-25 23:29:40	Book	 DVLS1000 2017-09-18 201 10:00-12:30	Failure	 
2017-11-25 23:29:40	GetAvailTimeSlot	 2017-09-18	Success	 DVL5 KKL0 WST5
2017-11-25 23:45:25	Book	 DVLS1000 2017-09-18 201 7:30-9:30	Success	 49114
2017-11-25 23:45:25	GetAvailTimeSlot	 2017-09-18	Success	 DVL4 KKL5 WST5
2017-11-25 23:45:25	Book	 DVLS1000 2017-09-18 201 10:00-12:30	Success	 70811
2017-11-25 23:45:25	GetAvailTimeSlot	 2017-09-18	Success	 DVL3 KKL5 WST5
2017-11-25 23:45:25	Book	 DVLS1000 2017-09-18 201 13:30-16:00	Success	 55378
2017-11-25 23:45:25	GetAvailTimeSlot	 2017-09-18	Success	 DVL2 KKL5 WST5
2017-11-25 23:45:25	Book	 DVLS1000 2017-09-18 201 17:00-18:00	Failure	 
2017-11-25 23:45:25	GetAvailTimeSlot	 2017-09-18	Success	 DVL2 KKL5 WST5
2017-11-25 23:45:25	Book	 DVLS1000 2017-09-18 201 19:00-20:00	Failure	 
2017-11-25 23:45:25	GetAvailTimeSlot	 2017-09-18	Success	 DVL2 KKL5 WST5
2017-11-25 23:45:25	Book	 DVLS1000 2017-09-18 201 7:30-9:30	Success	 19206
2017-11-25 23:45:25	GetAvailTimeSlot	 2017-09-18	Success	 DVL0 KKL4 WST5
2017-11-25 23:45:25	Book	 DVLS1000 2017-09-18 201 10:00-12:30	Success	 17019
2017-11-25 23:45:25	GetAvailTimeSlot	 2017-09-18	Success	 DVL0 KKL3 WST5
2017-11-25 23:45:25	Book	 DVLS1000 2017-09-18 201 13:30-16:00	Success	 55849
2017-11-25 23:45:25	GetAvailTimeSlot	 2017-09-18	Success	 DVL0 KKL2 WST5
2017-11-25 23:45:25	Book	 DVLS1000 2017-09-18 201 17:00-18:00	Failure	 
2017-11-25 23:45:25	GetAvailTimeSlot	 2017-09-18	Success	 DVL0 KKL2 WST5
2017-11-25 23:45:25	Book	 DVLS1000 2017-09-18 201 19:00-20:00	Failure	 
2017-11-25 23:45:25	GetAvailTimeSlot	 2017-09-18	Success	 DVL0 KKL2 WST5
2017-11-25 23:46:39	CancelBook	 19206	Failure	 
2017-11-25 23:46:39	CancelBook	 17019	Failure	 
2017-11-25 23:46:39	CancelBook	 55849	Failure	 
2017-11-25 23:46:39	GetAvailTimeSlot	 2017-09-18	Success	 DVL0 KKL0 WST5
2017-11-25 23:48:05	Book	 DVLS1000 2017-09-18 201 7:30-9:30	Success	 91784
2017-11-25 23:48:05	GetAvailTimeSlot	 2017-09-18	Success	 DVL4 KKL5 WST5
2017-11-25 23:48:05	Book	 DVLS1000 2017-09-18 201 10:00-12:30	Success	 11824
2017-11-25 23:48:05	GetAvailTimeSlot	 2017-09-18	Success	 DVL3 KKL5 WST5
2017-11-25 23:48:05	Book	 DVLS1000 2017-09-18 201 13:30-16:00	Success	 42931
2017-11-25 23:48:05	GetAvailTimeSlot	 2017-09-18	Success	 DVL2 KKL5 WST5
2017-11-25 23:48:05	Book	 DVLS1000 2017-09-18 201 17:00-18:00	Failure	 
2017-11-25 23:48:05	GetAvailTimeSlot	 2017-09-18	Success	 DVL2 KKL5 WST5
2017-11-25 23:48:05	Book	 DVLS1000 2017-09-18 201 19:00-20:00	Failure	 
2017-11-25 23:48:05	GetAvailTimeSlot	 2017-09-18	Success	 DVL2 KKL5 WST5
2017-11-25 23:48:05	Book	 DVLS1000 2017-09-18 201 7:30-9:30	Success	 52859
2017-11-25 23:48:05	GetAvailTimeSlot	 2017-09-18	Success	 DVL0 KKL4 WST5
2017-11-25 23:48:05	Book	 DVLS1000 2017-09-18 201 10:00-12:30	Success	 66481
2017-11-25 23:48:05	GetAvailTimeSlot	 2017-09-18	Success	 DVL0 KKL3 WST5
2017-11-25 23:48:05	Book	 DVLS1000 2017-09-18 201 13:30-16:00	Success	 26613
2017-11-25 23:48:05	GetAvailTimeSlot	 2017-09-18	Success	 DVL0 KKL2 WST5
2017-11-25 23:48:05	Book	 DVLS1000 2017-09-18 201 17:00-18:00	Failure	 
2017-11-25 23:48:05	GetAvailTimeSlot	 2017-09-18	Success	 DVL0 KKL2 WST5
2017-11-25 23:48:05	Book	 DVLS1000 2017-09-18 201 19:00-20:00	Failure	 
2017-11-25 23:48:05	GetAvailTimeSlot	 2017-09-18	Success	 DVL0 KKL2 WST5
2017-11-25 23:48:10	CancelBook	 52859	Failure	 
2017-11-25 23:48:10	CancelBook	 66481	Failure	 
2017-11-25 23:48:10	CancelBook	 26613	Failure	 
2017-11-25 23:48:10	GetAvailTimeSlot	 2017-09-18	Success	 DVL0 KKL0 WST5
2017-11-25 23:48:59	Book	 DVLS1000 2017-09-18 201 7:30-9:30	Success	 30346
2017-11-25 23:48:59	GetAvailTimeSlot	 2017-09-18	Success	 DVL4 KKL5 WST5
2017-11-25 23:48:59	Book	 DVLS1000 2017-09-18 201 10:00-12:30	Success	 95814
2017-11-25 23:48:59	GetAvailTimeSlot	 2017-09-18	Success	 DVL3 KKL5 WST5
2017-11-25 23:48:59	Book	 DVLS1000 2017-09-18 201 13:30-16:00	Success	 69104
2017-11-25 23:48:59	GetAvailTimeSlot	 2017-09-18	Success	 DVL2 KKL5 WST5
2017-11-25 23:48:59	Book	 DVLS1000 2017-09-18 201 17:00-18:00	Failure	 
2017-11-25 23:48:59	GetAvailTimeSlot	 2017-09-18	Success	 DVL2 KKL5 WST5
2017-11-25 23:48:59	Book	 DVLS1000 2017-09-18 201 19:00-20:00	Failure	 
2017-11-25 23:48:59	GetAvailTimeSlot	 2017-09-18	Success	 DVL2 KKL5 WST5
2017-11-25 23:49:00	Book	 DVLS1000 2017-09-18 201 7:30-9:30	Success	 52011
2017-11-25 23:49:00	GetAvailTimeSlot	 2017-09-18	Success	 DVL0 KKL4 WST5
2017-11-25 23:49:00	Book	 DVLS1000 2017-09-18 201 10:00-12:30	Success	 37747
2017-11-25 23:49:00	GetAvailTimeSlot	 2017-09-18	Success	 DVL0 KKL3 WST5
2017-11-25 23:49:00	Book	 DVLS1000 2017-09-18 201 13:30-16:00	Success	 71946
2017-11-25 23:49:00	GetAvailTimeSlot	 2017-09-18	Success	 DVL0 KKL2 WST5
2017-11-25 23:49:00	Book	 DVLS1000 2017-09-18 201 17:00-18:00	Failure	 
2017-11-25 23:49:00	GetAvailTimeSlot	 2017-09-18	Success	 DVL0 KKL2 WST5
2017-11-25 23:49:00	Book	 DVLS1000 2017-09-18 201 19:00-20:00	Failure	 
2017-11-25 23:49:00	GetAvailTimeSlot	 2017-09-18	Success	 DVL0 KKL2 WST5
2017-11-25 23:50:42	CancelBook	 52011	Failure	 
2017-11-25 23:59:14	CancelBook	 37747	Failure	 
2017-11-25 23:59:38	CancelBook	 71946	Failure	 
2017-11-25 23:59:42	GetAvailTimeSlot	 2017-09-18	Success	 DVL0 KKL0 WST5
2017-11-25 23:59:53	Book	 DVLS1000 2017-09-18 201 7:30-9:30	Failure	 
2017-11-25 23:59:53	GetAvailTimeSlot	 2017-09-18	Success	 DVL0 KKL0 WST5
2017-11-25 23:59:56	Book	 DVLS1000 2017-09-18 201 10:00-12:30	Failure	 
2017-11-25 23:59:56	GetAvailTimeSlot	 2017-09-18	Success	 DVL5 KKL0 WST5
2017-11-26 00:07:21	Book	 DVLS1000 2017-09-18 201 7:30-9:30	Success	 95706
2017-11-26 00:07:21	GetAvailTimeSlot	 2017-09-18	Success	 DVL4 KKL5 WST5
2017-11-26 00:07:21	Book	 DVLS1000 2017-09-18 201 10:00-12:30	Success	 96918
2017-11-26 00:07:21	GetAvailTimeSlot	 2017-09-18	Success	 DVL3 KKL5 WST5
2017-11-26 00:07:21	Book	 DVLS1000 2017-09-18 201 13:30-16:00	Success	 92461
2017-11-26 00:07:21	GetAvailTimeSlot	 2017-09-18	Success	 DVL2 KKL5 WST5
2017-11-26 00:07:21	Book	 DVLS1000 2017-09-18 201 17:00-18:00	Failure	 
2017-11-26 00:07:21	GetAvailTimeSlot	 2017-09-18	Success	 DVL2 KKL5 WST5
2017-11-26 00:07:21	Book	 DVLS1000 2017-09-18 201 19:00-20:00	Failure	 
2017-11-26 00:07:21	GetAvailTimeSlot	 2017-09-18	Success	 DVL2 KKL5 WST5
2017-11-26 00:07:21	Book	 DVLS1000 2017-09-18 201 7:30-9:30	Success	 97493
2017-11-26 00:07:21	GetAvailTimeSlot	 2017-09-18	Success	 DVL0 KKL4 WST5
2017-11-26 00:07:21	Book	 DVLS1000 2017-09-18 201 10:00-12:30	Success	 60240
2017-11-26 00:07:21	GetAvailTimeSlot	 2017-09-18	Success	 DVL0 KKL3 WST5
2017-11-26 00:07:21	Book	 DVLS1000 2017-09-18 201 13:30-16:00	Success	 98487
2017-11-26 00:07:21	GetAvailTimeSlot	 2017-09-18	Success	 DVL0 KKL2 WST5
2017-11-26 00:07:21	Book	 DVLS1000 2017-09-18 201 17:00-18:00	Failure	 
2017-11-26 00:07:21	GetAvailTimeSlot	 2017-09-18	Success	 DVL0 KKL2 WST5
2017-11-26 00:07:21	Book	 DVLS1000 2017-09-18 201 19:00-20:00	Failure	 
2017-11-26 00:07:21	GetAvailTimeSlot	 2017-09-18	Success	 DVL0 KKL2 WST5
2017-11-26 00:07:21	CancelBook	 97493	Success	 
2017-11-26 00:07:21	CancelBook	 60240	Success	 
2017-11-26 00:07:21	CancelBook	 98487	Success	 
2017-11-26 00:07:21	GetAvailTimeSlot	 2017-09-18	Success	 DVL0 KKL3 WST5
2017-11-26 00:07:21	Book	 DVLS1000 2017-09-18 201 7:30-9:30	Success	 50305
2017-11-26 00:07:21	GetAvailTimeSlot	 2017-09-18	Success	 DVL0 KKL3 WST4
2017-11-26 00:07:21	Book	 DVLS1000 2017-09-18 201 10:00-12:30	Success	 57437
2017-11-26 00:07:21	GetAvailTimeSlot	 2017-09-18	Success	 DVL5 KKL3 WST3
2017-11-26 00:07:21	ChangeReservation	 57437 KKL 201 7:30-9:30	Success	 25691
2017-11-26 00:07:21	GetAvailTimeSlot	 2017-09-18	Success	 DVL5 KKL2 WST4
2017-11-26 00:07:21	ChangeReservation	 25691 WST 201 7:30-9:30	Failure	 
2017-11-26 00:24:17	Book	 DVLS1000 2017-09-18 201 7:30-9:30	Success	 37042
2017-11-26 00:24:17	GetAvailTimeSlot	 2017-09-18	Success	 DVL4 KKL5 WST5
2017-11-26 00:24:17	Book	 DVLS1000 2017-09-18 201 10:00-12:30	Success	 59952
2017-11-26 00:24:17	GetAvailTimeSlot	 2017-09-18	Success	 DVL3 KKL5 WST5
2017-11-26 00:24:17	Book	 DVLS1000 2017-09-18 201 13:30-16:00	Success	 29701
2017-11-26 00:24:17	GetAvailTimeSlot	 2017-09-18	Success	 DVL2 KKL5 WST5
2017-11-26 00:24:17	Book	 DVLS1000 2017-09-18 201 17:00-18:00	Failure	 
2017-11-26 00:24:17	GetAvailTimeSlot	 2017-09-18	Success	 DVL2 KKL5 WST5
2017-11-26 00:24:17	Book	 DVLS1000 2017-09-18 201 19:00-20:00	Failure	 
2017-11-26 00:24:17	GetAvailTimeSlot	 2017-09-18	Success	 DVL2 KKL5 WST5
2017-11-26 00:24:17	Book	 DVLS1000 2017-09-18 201 7:30-9:30	Success	 44880
2017-11-26 00:24:17	GetAvailTimeSlot	 2017-09-18	Success	 DVL0 KKL4 WST5
2017-11-26 00:24:17	Book	 DVLS1000 2017-09-18 201 10:00-12:30	Success	 50350
2017-11-26 00:24:17	GetAvailTimeSlot	 2017-09-18	Success	 DVL0 KKL3 WST5
2017-11-26 00:24:17	Book	 DVLS1000 2017-09-18 201 13:30-16:00	Success	 24352
2017-11-26 00:24:17	GetAvailTimeSlot	 2017-09-18	Success	 DVL0 KKL2 WST5
2017-11-26 00:24:17	Book	 DVLS1000 2017-09-18 201 17:00-18:00	Failure	 
2017-11-26 00:24:17	GetAvailTimeSlot	 2017-09-18	Success	 DVL0 KKL2 WST5
2017-11-26 00:24:17	Book	 DVLS1000 2017-09-18 201 19:00-20:00	Failure	 
2017-11-26 00:24:17	GetAvailTimeSlot	 2017-09-18	Success	 DVL0 KKL2 WST5
2017-11-26 00:24:17	CancelBook	 44880	Success	 
2017-11-26 00:24:17	CancelBook	 50350	Success	 
2017-11-26 00:24:17	CancelBook	 24352	Success	 
2017-11-26 00:24:17	GetAvailTimeSlot	 2017-09-18	Success	 DVL0 KKL3 WST5
2017-11-26 00:24:17	Book	 DVLS1000 2017-09-18 201 7:30-9:30	Success	 76582
2017-11-26 00:24:17	GetAvailTimeSlot	 2017-09-18	Success	 DVL0 KKL3 WST4
2017-11-26 00:24:17	Book	 DVLS1000 2017-09-18 201 10:00-12:30	Success	 53479
2017-11-26 00:24:17	GetAvailTimeSlot	 2017-09-18	Success	 DVL5 KKL3 WST3
2017-11-26 00:24:17	ChangeReservation	 53479 KKL 201 7:30-9:30	Success	 35106
2017-11-26 00:24:17	GetAvailTimeSlot	 2017-09-18	Success	 DVL5 KKL2 WST4
2017-11-26 00:24:17	ChangeReservation	 35106 WST 201 7:30-9:30	Failure	 
2017-11-26 00:27:59	Book	 DVLS1000 2017-09-18 201 7:30-9:30	Success	 89709
2017-11-26 00:27:59	GetAvailTimeSlot	 2017-09-18	Success	 DVL4 KKL5 WST5
2017-11-26 00:27:59	Book	 DVLS1000 2017-09-18 201 10:00-12:30	Success	 82747
2017-11-26 00:27:59	GetAvailTimeSlot	 2017-09-18	Success	 DVL3 KKL5 WST5
2017-11-26 00:27:59	Book	 DVLS1000 2017-09-18 201 13:30-16:00	Success	 63313
2017-11-26 00:27:59	GetAvailTimeSlot	 2017-09-18	Success	 DVL2 KKL5 WST5
2017-11-26 00:27:59	Book	 DVLS1000 2017-09-18 201 17:00-18:00	Failure	 
2017-11-26 00:27:59	GetAvailTimeSlot	 2017-09-18	Success	 DVL2 KKL5 WST5
2017-11-26 00:27:59	Book	 DVLS1000 2017-09-18 201 19:00-20:00	Failure	 
2017-11-26 00:27:59	GetAvailTimeSlot	 2017-09-18	Success	 DVL2 KKL5 WST5
2017-11-26 00:27:59	Book	 DVLS1000 2017-09-18 201 7:30-9:30	Success	 39314
2017-11-26 00:27:59	GetAvailTimeSlot	 2017-09-18	Success	 DVL0 KKL4 WST5
2017-11-26 00:27:59	Book	 DVLS1000 2017-09-18 201 10:00-12:30	Success	 91821
2017-11-26 00:27:59	GetAvailTimeSlot	 2017-09-18	Success	 DVL0 KKL3 WST5
2017-11-26 00:27:59	Book	 DVLS1000 2017-09-18 201 13:30-16:00	Success	 13943
2017-11-26 00:27:59	GetAvailTimeSlot	 2017-09-18	Success	 DVL0 KKL2 WST5
2017-11-26 00:27:59	Book	 DVLS1000 2017-09-18 201 17:00-18:00	Failure	 
2017-11-26 00:27:59	GetAvailTimeSlot	 2017-09-18	Success	 DVL0 KKL2 WST5
2017-11-26 00:27:59	Book	 DVLS1000 2017-09-18 201 19:00-20:00	Failure	 
2017-11-26 00:27:59	GetAvailTimeSlot	 2017-09-18	Success	 DVL0 KKL2 WST5
2017-11-26 00:27:59	CancelBook	 39314	Success	 
2017-11-26 00:27:59	CancelBook	 91821	Success	 
2017-11-26 00:27:59	CancelBook	 13943	Success	 
2017-11-26 00:27:59	GetAvailTimeSlot	 2017-09-18	Success	 DVL0 KKL3 WST5
2017-11-26 00:27:59	Book	 DVLS1000 2017-09-18 201 7:30-9:30	Success	 44255
2017-11-26 00:27:59	GetAvailTimeSlot	 2017-09-18	Success	 DVL0 KKL3 WST4
2017-11-26 00:27:59	Book	 DVLS1000 2017-09-18 201 10:00-12:30	Success	 89112
2017-11-26 00:27:59	GetAvailTimeSlot	 2017-09-18	Success	 DVL5 KKL3 WST3
2017-11-26 00:27:59	ChangeReservation	 89112 KKL 201 7:30-9:30	Success	 89165
2017-11-26 00:27:59	GetAvailTimeSlot	 2017-09-18	Success	 DVL5 KKL2 WST4
2017-11-26 00:34:19	Book	 DVLS1000 2017-09-18 201 7:30-9:30	Success	 45288
2017-11-26 00:34:19	GetAvailTimeSlot	 2017-09-18	Success	 DVL4 KKL5 WST5
2017-11-26 00:34:19	Book	 DVLS1000 2017-09-18 201 10:00-12:30	Success	 75514
2017-11-26 00:34:19	GetAvailTimeSlot	 2017-09-18	Success	 DVL3 KKL5 WST5
2017-11-26 00:34:19	Book	 DVLS1000 2017-09-18 201 13:30-16:00	Success	 30161
2017-11-26 00:34:19	GetAvailTimeSlot	 2017-09-18	Success	 DVL2 KKL5 WST5
2017-11-26 00:34:19	Book	 DVLS1000 2017-09-18 201 17:00-18:00	Failure	 
2017-11-26 00:34:19	GetAvailTimeSlot	 2017-09-18	Success	 DVL2 KKL5 WST5
2017-11-26 00:34:19	Book	 DVLS1000 2017-09-18 201 19:00-20:00	Failure	 
2017-11-26 00:34:19	GetAvailTimeSlot	 2017-09-18	Success	 DVL2 KKL5 WST5
2017-11-26 00:34:19	Book	 DVLS1000 2017-09-18 201 7:30-9:30	Success	 24835
2017-11-26 00:34:19	GetAvailTimeSlot	 2017-09-18	Success	 DVL0 KKL4 WST5
2017-11-26 00:34:19	Book	 DVLS1000 2017-09-18 201 10:00-12:30	Success	 14636
2017-11-26 00:34:19	GetAvailTimeSlot	 2017-09-18	Success	 DVL0 KKL3 WST5
2017-11-26 00:34:19	Book	 DVLS1000 2017-09-18 201 13:30-16:00	Success	 45790
2017-11-26 00:34:19	GetAvailTimeSlot	 2017-09-18	Success	 DVL0 KKL2 WST5
2017-11-26 00:34:19	Book	 DVLS1000 2017-09-18 201 17:00-18:00	Failure	 
2017-11-26 00:34:19	GetAvailTimeSlot	 2017-09-18	Success	 DVL0 KKL2 WST5
2017-11-26 00:34:19	Book	 DVLS1000 2017-09-18 201 19:00-20:00	Failure	 
2017-11-26 00:34:19	GetAvailTimeSlot	 2017-09-18	Success	 DVL0 KKL2 WST5
2017-11-26 00:34:19	CancelBook	 24835	Success	 
2017-11-26 00:34:19	CancelBook	 14636	Success	 
2017-11-26 00:34:19	CancelBook	 45790	Success	 
2017-11-26 00:34:19	GetAvailTimeSlot	 2017-09-18	Success	 DVL0 KKL3 WST5
2017-11-26 00:34:19	Book	 DVLS1000 2017-09-18 201 7:30-9:30	Success	 48336
2017-11-26 00:34:19	GetAvailTimeSlot	 2017-09-18	Success	 DVL0 KKL3 WST4
2017-11-26 00:34:19	Book	 DVLS1000 2017-09-18 201 10:00-12:30	Success	 12651
2017-11-26 00:34:19	GetAvailTimeSlot	 2017-09-18	Success	 DVL5 KKL3 WST3
2017-11-26 00:34:19	ChangeReservation	 12651 KKL 201 7:30-9:30	Success	 73599
2017-11-26 00:34:19	GetAvailTimeSlot	 2017-09-18	Success	 DVL5 KKL2 WST4
2017-11-26 00:34:19	ChangeReservation	 73599 WST 201 7:30-9:30	Failure	 
2017-11-26 00:36:02	Book	 DVLS1000 2017-09-18 201 7:30-9:30	Success	 11919
2017-11-26 00:36:02	GetAvailTimeSlot	 2017-09-18	Success	 DVL4 KKL5 WST5
2017-11-26 00:36:02	Book	 DVLS1000 2017-09-18 201 10:00-12:30	Success	 82130
2017-11-26 00:36:02	GetAvailTimeSlot	 2017-09-18	Success	 DVL3 KKL5 WST5
2017-11-26 00:36:02	Book	 DVLS1000 2017-09-18 201 13:30-16:00	Success	 99814
2017-11-26 00:36:02	GetAvailTimeSlot	 2017-09-18	Success	 DVL2 KKL5 WST5
2017-11-26 00:36:02	Book	 DVLS1000 2017-09-18 201 17:00-18:00	Failure	 
2017-11-26 00:36:02	GetAvailTimeSlot	 2017-09-18	Success	 DVL2 KKL5 WST5
2017-11-26 00:36:02	Book	 DVLS1000 2017-09-18 201 19:00-20:00	Failure	 
2017-11-26 00:36:02	GetAvailTimeSlot	 2017-09-18	Success	 DVL2 KKL5 WST5
2017-11-26 00:36:02	Book	 DVLS1000 2017-09-18 201 7:30-9:30	Success	 59379
2017-11-26 00:36:02	GetAvailTimeSlot	 2017-09-18	Success	 DVL0 KKL4 WST5
2017-11-26 00:36:02	Book	 DVLS1000 2017-09-18 201 10:00-12:30	Success	 97407
2017-11-26 00:36:02	GetAvailTimeSlot	 2017-09-18	Success	 DVL0 KKL3 WST5
2017-11-26 00:36:02	Book	 DVLS1000 2017-09-18 201 13:30-16:00	Success	 26284
2017-11-26 00:36:02	GetAvailTimeSlot	 2017-09-18	Success	 DVL0 KKL2 WST5
2017-11-26 00:36:02	Book	 DVLS1000 2017-09-18 201 17:00-18:00	Failure	 
2017-11-26 00:36:02	GetAvailTimeSlot	 2017-09-18	Success	 DVL0 KKL2 WST5
2017-11-26 00:36:02	Book	 DVLS1000 2017-09-18 201 19:00-20:00	Failure	 
2017-11-26 00:36:02	GetAvailTimeSlot	 2017-09-18	Success	 DVL0 KKL2 WST5
2017-11-26 00:36:02	CancelBook	 59379	Success	 
2017-11-26 00:36:02	CancelBook	 97407	Success	 
2017-11-26 00:36:02	CancelBook	 26284	Success	 
2017-11-26 00:36:02	GetAvailTimeSlot	 2017-09-18	Success	 DVL0 KKL3 WST5
2017-11-26 00:36:02	Book	 DVLS1000 2017-09-18 201 7:30-9:30	Success	 34361
2017-11-26 00:36:02	GetAvailTimeSlot	 2017-09-18	Success	 DVL0 KKL3 WST4
2017-11-26 00:36:02	Book	 DVLS1000 2017-09-18 201 10:00-12:30	Success	 31746
2017-11-26 00:36:02	GetAvailTimeSlot	 2017-09-18	Success	 DVL5 KKL3 WST3
2017-11-26 00:36:02	ChangeReservation	 31746 KKL 201 7:30-9:30	Success	 90605
2017-11-26 00:36:02	GetAvailTimeSlot	 2017-09-18	Success	 DVL5 KKL2 WST4
2017-11-26 00:36:02	ChangeReservation	 90605 WST 201 7:30-9:30	Failure	 
2017-11-26 20:31:03	Book	 DVLS1000 2017-09-18 201 7:30-9:30	Success	 20978
2017-11-26 20:31:03	GetAvailTimeSlot	 2017-09-18	Success	 DVL4 KKL5 WST5
2017-11-26 20:31:03	Book	 DVLS1000 2017-09-18 201 10:00-12:30	Success	 18222
2017-11-26 20:31:03	GetAvailTimeSlot	 2017-09-18	Success	 DVL3 KKL5 WST5
2017-11-26 20:31:03	Book	 DVLS1000 2017-09-18 201 13:30-16:00	Success	 65717
2017-11-26 20:31:03	GetAvailTimeSlot	 2017-09-18	Success	 DVL2 KKL5 WST5
2017-11-26 20:31:03	Book	 DVLS1000 2017-09-18 201 17:00-18:00	Failure	 
2017-11-26 20:31:03	GetAvailTimeSlot	 2017-09-18	Success	 DVL2 KKL5 WST5
2017-11-26 20:31:03	Book	 DVLS1000 2017-09-18 201 19:00-20:00	Failure	 
2017-11-26 20:31:03	GetAvailTimeSlot	 2017-09-18	Success	 DVL2 KKL5 WST5
2017-11-26 20:31:03	Book	 DVLS1000 2017-09-18 201 7:30-9:30	Success	 87447
2017-11-26 20:31:03	GetAvailTimeSlot	 2017-09-18	Success	 DVL0 KKL4 WST5
2017-11-26 20:31:03	Book	 DVLS1000 2017-09-18 201 10:00-12:30	Success	 97217
2017-11-26 20:31:03	GetAvailTimeSlot	 2017-09-18	Success	 DVL0 KKL3 WST5
2017-11-26 20:31:03	Book	 DVLS1000 2017-09-18 201 13:30-16:00	Success	 49468
2017-11-26 20:31:03	GetAvailTimeSlot	 2017-09-18	Success	 DVL0 KKL2 WST5
2017-11-26 20:31:03	Book	 DVLS1000 2017-09-18 201 17:00-18:00	Failure	 
2017-11-26 20:31:03	GetAvailTimeSlot	 2017-09-18	Success	 DVL0 KKL2 WST5
2017-11-26 20:31:03	Book	 DVLS1000 2017-09-18 201 19:00-20:00	Failure	 
2017-11-26 20:31:03	GetAvailTimeSlot	 2017-09-18	Success	 DVL0 KKL2 WST5
2017-11-26 20:31:03	CancelBook	 87447	Success	 
2017-11-26 20:31:03	CancelBook	 97217	Success	 
2017-11-26 20:31:03	CancelBook	 49468	Success	 
2017-11-26 20:31:03	GetAvailTimeSlot	 2017-09-18	Success	 DVL0 KKL3 WST5
2017-11-26 20:31:03	Book	 DVLS1000 2017-09-18 201 7:30-9:30	Success	 71085
2017-11-26 20:31:03	GetAvailTimeSlot	 2017-09-18	Success	 DVL0 KKL3 WST4
2017-11-26 20:31:03	Book	 DVLS1000 2017-09-18 201 10:00-12:30	Success	 32207
2017-11-26 20:31:03	GetAvailTimeSlot	 2017-09-18	Success	 DVL5 KKL3 WST3
2017-11-26 20:31:03	ChangeReservation	 32207 KKL 201 7:30-9:30	Success	 80158
2017-11-26 20:31:03	GetAvailTimeSlot	 2017-09-18	Success	 DVL5 KKL2 WST4
2017-11-26 20:31:03	ChangeReservation	 80158 WST 201 7:30-9:30	Failure	 
2017-11-26 21:29:17	Book	 DVLS1000 2017-09-18 201 7:30-9:30	Success	 21435
2017-11-26 21:29:17	GetAvailTimeSlot	 2017-09-18	Success	 DVL4 KKL5 WST5
2017-11-26 21:29:17	Book	 DVLS1000 2017-09-18 201 10:00-12:30	Success	 66886
2017-11-26 21:29:17	GetAvailTimeSlot	 2017-09-18	Success	 DVL3 KKL5 WST5
2017-11-26 21:29:17	Book	 DVLS1000 2017-09-18 201 13:30-16:00	Success	 61597
2017-11-26 21:29:17	GetAvailTimeSlot	 2017-09-18	Success	 DVL2 KKL5 WST5
2017-11-26 21:29:17	Book	 DVLS1000 2017-09-18 201 17:00-18:00	Failure	 
2017-11-26 21:29:17	GetAvailTimeSlot	 2017-09-18	Success	 DVL2 KKL5 WST5
2017-11-26 21:29:17	Book	 DVLS1000 2017-09-18 201 19:00-20:00	Failure	 
2017-11-26 21:29:17	GetAvailTimeSlot	 2017-09-18	Success	 DVL2 KKL5 WST5
2017-11-26 21:29:17	Book	 DVLS1000 2017-09-18 201 7:30-9:30	Success	 20089
2017-11-26 21:29:17	GetAvailTimeSlot	 2017-09-18	Success	 DVL0 KKL4 WST5
2017-11-26 21:29:17	Book	 DVLS1000 2017-09-18 201 10:00-12:30	Success	 19074
2017-11-26 21:29:17	GetAvailTimeSlot	 2017-09-18	Success	 DVL0 KKL3 WST5
2017-11-26 21:29:17	Book	 DVLS1000 2017-09-18 201 13:30-16:00	Success	 11171
2017-11-26 21:29:17	GetAvailTimeSlot	 2017-09-18	Success	 DVL0 KKL2 WST5
2017-11-26 21:29:17	Book	 DVLS1000 2017-09-18 201 17:00-18:00	Failure	 
2017-11-26 21:29:17	GetAvailTimeSlot	 2017-09-18	Success	 DVL0 KKL2 WST5
2017-11-26 21:29:17	Book	 DVLS1000 2017-09-18 201 19:00-20:00	Failure	 
2017-11-26 21:29:17	GetAvailTimeSlot	 2017-09-18	Success	 DVL0 KKL2 WST5
2017-11-26 21:29:17	CancelBook	 20089	Success	 
2017-11-26 21:29:17	CancelBook	 19074	Success	 
2017-11-26 21:29:17	CancelBook	 11171	Success	 
2017-11-26 21:29:17	GetAvailTimeSlot	 2017-09-18	Success	 DVL0 KKL3 WST5
2017-11-26 21:29:17	Book	 DVLS1000 2017-09-18 201 7:30-9:30	Success	 78715
2017-11-26 21:29:17	GetAvailTimeSlot	 2017-09-18	Success	 DVL0 KKL3 WST4
2017-11-26 21:29:17	Book	 DVLS1000 2017-09-18 201 10:00-12:30	Success	 60880
2017-11-26 21:29:17	GetAvailTimeSlot	 2017-09-18	Success	 DVL5 KKL3 WST3
2017-11-26 21:29:17	ChangeReservation	 60880 KKL 201 7:30-9:30	Success	 17423
2017-11-26 21:29:17	GetAvailTimeSlot	 2017-09-18	Success	 DVL5 KKL2 WST4
2017-11-26 21:29:17	ChangeReservation	 17423 WST 201 7:30-9:30	Failure	 
2017-11-27 10:26:33	Book	 DVLS1000 2017-09-18 201 7:30-9:30	Success	 DVL -487746830 DVLS1000
2017-11-27 10:26:33	GetAvailTimeSlot	 2017-09-18	Success	 DVL4 KKL5 WST5
2017-11-27 10:26:33	Book	 DVLS1000 2017-09-18 201 10:00-12:30	Success	 DVL -1756288743 DVLS1000
2017-11-27 10:26:33	GetAvailTimeSlot	 2017-09-18	Success	 DVL3 KKL5 WST5
2017-11-27 10:26:33	Book	 DVLS1000 2017-09-18 201 13:30-16:00	Success	 DVL -1951854480 DVLS1000
2017-11-27 10:26:33	GetAvailTimeSlot	 2017-09-18	Success	 DVL2 KKL5 WST5
2017-11-27 10:26:33	Book	 DVLS1000 2017-09-18 201 17:00-18:00	Failure	 
2017-11-27 10:26:33	GetAvailTimeSlot	 2017-09-18	Success	 DVL2 KKL5 WST5
2017-11-27 10:26:33	Book	 DVLS1000 2017-09-18 201 19:00-20:00	Failure	 
2017-11-27 10:26:33	GetAvailTimeSlot	 2017-09-18	Success	 DVL2 KKL5 WST5
2017-11-27 10:26:33	Book	 DVLS1000 2017-09-18 201 7:30-9:30	Success	 KKL -487746830 DVLS1000
2017-11-27 10:26:33	GetAvailTimeSlot	 2017-09-18	Success	 DVL0 KKL4 WST5
2017-11-27 10:26:33	Book	 DVLS1000 2017-09-18 201 10:00-12:30	Success	 KKL -1756288743 DVLS1000
2017-11-27 10:26:33	GetAvailTimeSlot	 2017-09-18	Success	 DVL0 KKL3 WST5
2017-11-27 10:26:33	Book	 DVLS1000 2017-09-18 201 13:30-16:00	Success	 KKL -1951854480 DVLS1000
2017-11-27 10:26:33	GetAvailTimeSlot	 2017-09-18	Success	 DVL0 KKL2 WST5
2017-11-27 10:26:33	Book	 DVLS1000 2017-09-18 201 17:00-18:00	Failure	 
2017-11-27 10:26:33	GetAvailTimeSlot	 2017-09-18	Success	 DVL0 KKL2 WST5
2017-11-27 10:26:33	Book	 DVLS1000 2017-09-18 201 19:00-20:00	Failure	 
2017-11-27 10:26:33	GetAvailTimeSlot	 2017-09-18	Success	 DVL0 KKL2 WST5
2017-11-27 10:28:35	Book	 DVLS1000 2017-09-18 201 7:30-9:30	Success	 DVL 10233 DVLS1000
2017-11-27 10:28:35	GetAvailTimeSlot	 2017-09-18	Success	 DVL4 KKL5 WST5
2017-11-27 10:28:35	Book	 DVLS1000 2017-09-18 201 10:00-12:30	Success	 DVL 39276 DVLS1000
2017-11-27 10:28:35	GetAvailTimeSlot	 2017-09-18	Success	 DVL3 KKL5 WST5
2017-11-27 10:28:35	Book	 DVLS1000 2017-09-18 201 13:30-16:00	Success	 DVL 56408 DVLS1000
2017-11-27 10:28:35	GetAvailTimeSlot	 2017-09-18	Success	 DVL2 KKL5 WST5
2017-11-27 10:28:35	Book	 DVLS1000 2017-09-18 201 17:00-18:00	Failure	 
2017-11-27 10:28:35	GetAvailTimeSlot	 2017-09-18	Success	 DVL2 KKL5 WST5
2017-11-27 10:28:35	Book	 DVLS1000 2017-09-18 201 19:00-20:00	Failure	 
2017-11-27 10:28:35	GetAvailTimeSlot	 2017-09-18	Success	 DVL2 KKL5 WST5
2017-11-27 10:28:35	Book	 DVLS1000 2017-09-18 201 7:30-9:30	Success	 KKL 10233 DVLS1000
2017-11-27 10:28:35	GetAvailTimeSlot	 2017-09-18	Success	 DVL0 KKL4 WST5
2017-11-27 10:28:35	Book	 DVLS1000 2017-09-18 201 10:00-12:30	Success	 KKL 39276 DVLS1000
2017-11-27 10:28:35	GetAvailTimeSlot	 2017-09-18	Success	 DVL0 KKL3 WST5
2017-11-27 10:28:35	Book	 DVLS1000 2017-09-18 201 13:30-16:00	Success	 KKL 56408 DVLS1000
2017-11-27 10:28:35	GetAvailTimeSlot	 2017-09-18	Success	 DVL0 KKL2 WST5
2017-11-27 10:28:35	Book	 DVLS1000 2017-09-18 201 17:00-18:00	Failure	 
2017-11-27 10:28:35	GetAvailTimeSlot	 2017-09-18	Success	 DVL0 KKL2 WST5
2017-11-27 10:28:35	Book	 DVLS1000 2017-09-18 201 19:00-20:00	Failure	 
2017-11-27 10:28:35	GetAvailTimeSlot	 2017-09-18	Success	 DVL0 KKL2 WST5
2017-11-27 10:32:38	Book	 DVLS1000 2017-09-18 201 7:30-9:30	Success	 DVL10233DVLS1000
2017-11-27 10:32:38	GetAvailTimeSlot	 2017-09-18	Success	 DVL4 KKL5 WST5
2017-11-27 10:32:38	Book	 DVLS1000 2017-09-18 201 10:00-12:30	Success	 DVL39276DVLS1000
2017-11-27 10:32:38	GetAvailTimeSlot	 2017-09-18	Success	 DVL3 KKL5 WST5
2017-11-27 10:32:38	Book	 DVLS1000 2017-09-18 201 13:30-16:00	Success	 DVL56408DVLS1000
2017-11-27 10:32:38	GetAvailTimeSlot	 2017-09-18	Success	 DVL2 KKL5 WST5
2017-11-27 10:32:38	Book	 DVLS1000 2017-09-18 201 17:00-18:00	Failure	 
2017-11-27 10:32:38	GetAvailTimeSlot	 2017-09-18	Success	 DVL2 KKL5 WST5
2017-11-27 10:32:38	Book	 DVLS1000 2017-09-18 201 19:00-20:00	Failure	 
2017-11-27 10:32:38	GetAvailTimeSlot	 2017-09-18	Success	 DVL2 KKL5 WST5
2017-11-27 10:32:38	Book	 DVLS1000 2017-09-18 201 7:30-9:30	Success	 KKL10233DVLS1000
2017-11-27 10:32:38	GetAvailTimeSlot	 2017-09-18	Success	 DVL0 KKL4 WST5
2017-11-27 10:32:38	Book	 DVLS1000 2017-09-18 201 10:00-12:30	Success	 KKL39276DVLS1000
2017-11-27 10:32:38	GetAvailTimeSlot	 2017-09-18	Success	 DVL0 KKL3 WST5
2017-11-27 10:32:38	Book	 DVLS1000 2017-09-18 201 13:30-16:00	Success	 KKL56408DVLS1000
2017-11-27 10:32:38	GetAvailTimeSlot	 2017-09-18	Success	 DVL0 KKL2 WST5
2017-11-27 10:32:38	Book	 DVLS1000 2017-09-18 201 17:00-18:00	Failure	 
2017-11-27 10:32:38	GetAvailTimeSlot	 2017-09-18	Success	 DVL0 KKL2 WST5
2017-11-27 10:32:38	Book	 DVLS1000 2017-09-18 201 19:00-20:00	Failure	 
2017-11-27 10:32:38	GetAvailTimeSlot	 2017-09-18	Success	 DVL0 KKL2 WST5
2017-11-27 10:32:38	CancelBook	 KKL10233DVLS1000	Success	 
2017-11-27 10:32:38	CancelBook	 KKL39276DVLS1000	Success	 
2017-11-27 10:32:38	CancelBook	 KKL56408DVLS1000	Success	 
2017-11-27 10:32:38	GetAvailTimeSlot	 2017-09-18	Success	 DVL0 KKL3 WST5
2017-11-27 10:32:38	Book	 DVLS1000 2017-09-18 201 7:30-9:30	Success	 WST10233DVLS1000
2017-11-27 10:32:38	GetAvailTimeSlot	 2017-09-18	Success	 DVL0 KKL3 WST4
2017-11-27 10:32:38	Book	 DVLS1000 2017-09-18 201 10:00-12:30	Success	 WST39276DVLS1000
2017-11-27 10:32:38	GetAvailTimeSlot	 2017-09-18	Success	 DVL5 KKL3 WST3
2017-11-27 10:32:38	ChangeReservation	 WST39276DVLS1000 KKL 201 7:30-9:30	Success	 KKL16673DVLS1000
2017-11-27 10:32:38	GetAvailTimeSlot	 2017-09-18	Success	 DVL5 KKL2 WST4
2017-11-27 10:32:38	ChangeReservation	 KKL16673DVLS1000 WST 201 7:30-9:30	Failure	 
2017-11-30 20:23:21	Book	 DVLS1000 2017-09-18 201 7:30-9:30	Success	 DVL10233DVLS1000
2017-11-30 20:23:21	GetAvailTimeSlot	 2017-09-18	Success	 DVL4 KKL5 WST5
2017-11-30 20:23:21	Book	 DVLS1000 2017-09-18 201 10:00-12:30	Success	 DVL39276DVLS1000
2017-11-30 20:23:21	GetAvailTimeSlot	 2017-09-18	Success	 DVL3 KKL5 WST5
2017-11-30 20:23:21	Book	 DVLS1000 2017-09-18 201 13:30-16:00	Success	 DVL56408DVLS1000
2017-11-30 20:23:21	GetAvailTimeSlot	 2017-09-18	Success	 DVL2 KKL5 WST5
2017-11-30 20:23:21	Book	 DVLS1000 2017-09-18 201 17:00-18:00	Failure	 
2017-11-30 20:23:21	GetAvailTimeSlot	 2017-09-18	Success	 DVL2 KKL5 WST5
2017-11-30 20:23:21	Book	 DVLS1000 2017-09-18 201 19:00-20:00	Failure	 
2017-11-30 20:23:21	GetAvailTimeSlot	 2017-09-18	Success	 DVL2 KKL5 WST5
2017-11-30 20:23:21	Book	 DVLS1000 2017-09-18 201 7:30-9:30	Success	 KKL10233DVLS1000
2017-11-30 20:23:21	GetAvailTimeSlot	 2017-09-18	Success	 DVL0 KKL4 WST5
2017-11-30 20:23:21	Book	 DVLS1000 2017-09-18 201 10:00-12:30	Success	 KKL39276DVLS1000
2017-11-30 20:23:21	GetAvailTimeSlot	 2017-09-18	Success	 DVL0 KKL3 WST5
2017-11-30 20:23:21	Book	 DVLS1000 2017-09-18 201 13:30-16:00	Success	 KKL56408DVLS1000
2017-11-30 20:23:21	GetAvailTimeSlot	 2017-09-18	Success	 DVL0 KKL2 WST5
2017-11-30 20:23:21	Book	 DVLS1000 2017-09-18 201 17:00-18:00	Failure	 
2017-11-30 20:23:21	GetAvailTimeSlot	 2017-09-18	Success	 DVL0 KKL2 WST5
2017-11-30 20:23:21	Book	 DVLS1000 2017-09-18 201 19:00-20:00	Failure	 
2017-11-30 20:23:21	GetAvailTimeSlot	 2017-09-18	Success	 DVL0 KKL2 WST5
2017-11-30 20:23:21	CancelBook	 KKL10233DVLS1000	Success	 
2017-11-30 20:23:21	CancelBook	 KKL39276DVLS1000	Success	 
2017-11-30 20:23:21	CancelBook	 KKL56408DVLS1000	Success	 
2017-11-30 20:23:21	GetAvailTimeSlot	 2017-09-18	Success	 DVL0 KKL3 WST5
2017-11-30 20:23:21	Book	 DVLS1000 2017-09-18 201 7:30-9:30	Success	 WST10233DVLS1000
2017-11-30 20:23:21	GetAvailTimeSlot	 2017-09-18	Success	 DVL0 KKL3 WST4
2017-11-30 20:23:21	Book	 DVLS1000 2017-09-18 201 10:00-12:30	Success	 WST39276DVLS1000
2017-11-30 20:23:21	GetAvailTimeSlot	 2017-09-18	Success	 DVL5 KKL3 WST3
2017-11-30 20:23:21	ChangeReservation	 WST39276DVLS1000 KKL 201 7:30-9:30	Success	 KKL16673DVLS1000
2017-11-30 20:23:21	GetAvailTimeSlot	 2017-09-18	Success	 DVL5 KKL2 WST4
2017-11-30 20:23:21	ChangeReservation	 KKL16673DVLS1000 WST 201 7:30-9:30	Failure	 
2017-11-30 21:34:09	Book	 DVLS1000 2017-09-18 201 7:30-9:30	Success	 DVL10233DVLS1000
2017-11-30 21:34:09	GetAvailTimeSlot	 2017-09-18	Success	 DVL4 KKL5 WST5
2017-11-30 21:34:09	Book	 DVLS1000 2017-09-18 201 10:00-12:30	Success	 DVL39276DVLS1000
2017-11-30 21:34:09	GetAvailTimeSlot	 2017-09-18	Success	 DVL3 KKL5 WST5
2017-11-30 21:34:09	Book	 DVLS1000 2017-09-18 201 13:30-16:00	Success	 DVL56408DVLS1000
2017-11-30 21:34:09	GetAvailTimeSlot	 2017-09-18	Success	 DVL2 KKL5 WST5
2017-11-30 21:34:09	Book	 DVLS1000 2017-09-18 201 17:00-18:00	Failure	 
2017-11-30 21:34:09	GetAvailTimeSlot	 2017-09-18	Success	 DVL2 KKL5 WST5
2017-11-30 21:34:09	Book	 DVLS1000 2017-09-18 201 19:00-20:00	Failure	 
2017-11-30 21:34:09	GetAvailTimeSlot	 2017-09-18	Success	 DVL2 KKL5 WST5
2017-11-30 21:34:09	Book	 DVLS1000 2017-09-18 201 7:30-9:30	Success	 KKL10233DVLS1000
2017-11-30 21:34:09	GetAvailTimeSlot	 2017-09-18	Success	 DVL0 KKL4 WST5
2017-11-30 21:34:09	Book	 DVLS1000 2017-09-18 201 10:00-12:30	Success	 KKL39276DVLS1000
2017-11-30 21:34:09	GetAvailTimeSlot	 2017-09-18	Success	 DVL0 KKL3 WST5
2017-11-30 21:34:09	Book	 DVLS1000 2017-09-18 201 13:30-16:00	Success	 KKL56408DVLS1000
2017-11-30 21:34:09	GetAvailTimeSlot	 2017-09-18	Success	 DVL0 KKL2 WST5
2017-11-30 21:34:09	Book	 DVLS1000 2017-09-18 201 17:00-18:00	Failure	 
2017-11-30 21:34:09	GetAvailTimeSlot	 2017-09-18	Success	 DVL0 KKL2 WST5
2017-11-30 21:34:09	Book	 DVLS1000 2017-09-18 201 19:00-20:00	Failure	 
2017-11-30 21:34:09	GetAvailTimeSlot	 2017-09-18	Success	 DVL0 KKL2 WST5
2017-11-30 21:34:09	CancelBook	 KKL10233DVLS1000	Success	 
2017-11-30 21:34:09	CancelBook	 KKL39276DVLS1000	Success	 
2017-11-30 21:34:09	CancelBook	 KKL56408DVLS1000	Success	 
2017-11-30 21:34:09	GetAvailTimeSlot	 2017-09-18	Success	 DVL0 KKL3 WST5
2017-11-30 21:34:09	Book	 DVLS1000 2017-09-18 201 7:30-9:30	Success	 WST10233DVLS1000
2017-11-30 21:34:09	GetAvailTimeSlot	 2017-09-18	Success	 DVL0 KKL3 WST4
2017-11-30 21:34:09	Book	 DVLS1000 2017-09-18 201 10:00-12:30	Success	 WST39276DVLS1000
2017-11-30 21:34:09	GetAvailTimeSlot	 2017-09-18	Success	 DVL5 KKL3 WST3
2017-11-30 21:34:09	ChangeReservation	 WST39276DVLS1000 KKL 201 7:30-9:30	Success	 KKL16673DVLS1000
2017-11-30 21:34:09	GetAvailTimeSlot	 2017-09-18	Success	 DVL5 KKL2 WST4
2017-11-30 21:34:09	ChangeReservation	 KKL16673DVLS1000 WST 201 7:30-9:30	Failure	 
2017-12-02 22:55:47	DVLS1000	Book	 DVLS1000 2017-09-18 201 7:30-9:30	Success	 DVL10233DVLS1000
2017-12-02 22:55:47	DVLS1000	GetAvailTimeSlot	 2017-09-18	Success	 DVL4 KKL5 WST5
2017-12-02 22:55:47	DVLS1000	Book	 DVLS1000 2017-09-18 201 10:00-12:30	Success	 DVL39276DVLS1000
2017-12-02 22:55:47	DVLS1000	GetAvailTimeSlot	 2017-09-18	Success	 DVL3 KKL5 WST5
2017-12-02 22:55:47	DVLS1000	Book	 DVLS1000 2017-09-18 201 13:30-16:00	Success	 DVL56408DVLS1000
2017-12-02 22:55:47	DVLS1000	GetAvailTimeSlot	 2017-09-18	Success	 DVL2 KKL5 WST5
2017-12-02 22:55:47	DVLS1000	Book	 DVLS1000 2017-09-18 201 17:00-18:00	Failure	 
2017-12-02 22:55:48	DVLS1000	GetAvailTimeSlot	 2017-09-18	Success	 DVL2 KKL5 WST5
2017-12-02 22:55:48	DVLS1000	Book	 DVLS1000 2017-09-18 201 19:00-20:00	Failure	 
2017-12-02 22:55:48	DVLS1000	GetAvailTimeSlot	 2017-09-18	Success	 DVL2 KKL5 WST5
2017-12-02 22:55:48	DVLS1000	Book	 DVLS1000 2017-09-18 201 7:30-9:30	Success	 KKL10233DVLS1000
2017-12-02 22:55:48	DVLS1000	GetAvailTimeSlot	 2017-09-18	Success	 DVL0 KKL4 WST5
2017-12-02 22:55:48	DVLS1000	Book	 DVLS1000 2017-09-18 201 10:00-12:30	Success	 KKL39276DVLS1000
2017-12-02 22:55:48	DVLS1000	GetAvailTimeSlot	 2017-09-18	Success	 DVL0 KKL3 WST5
2017-12-02 22:55:48	DVLS1000	Book	 DVLS1000 2017-09-18 201 13:30-16:00	Success	 KKL56408DVLS1000
2017-12-02 22:55:48	DVLS1000	GetAvailTimeSlot	 2017-09-18	Success	 DVL0 KKL2 WST5
2017-12-02 22:55:48	DVLS1000	Book	 DVLS1000 2017-09-18 201 17:00-18:00	Failure	 
2017-12-02 22:55:48	DVLS1000	GetAvailTimeSlot	 2017-09-18	Success	 DVL0 KKL2 WST5
2017-12-02 22:55:48	DVLS1000	Book	 DVLS1000 2017-09-18 201 19:00-20:00	Failure	 
2017-12-02 22:55:48	DVLS1000	GetAvailTimeSlot	 2017-09-18	Success	 DVL0 KKL2 WST5
2017-12-02 22:55:48	DVLS1000	CancelBook	 KKL10233DVLS1000	Success	 
2017-12-02 22:55:48	DVLS1000	CancelBook	 KKL39276DVLS1000	Success	 
2017-12-02 22:55:48	DVLS1000	CancelBook	 KKL56408DVLS1000	Success	 
2017-12-02 22:55:48	DVLS1000	GetAvailTimeSlot	 2017-09-18	Success	 DVL0 KKL3 WST5
2017-12-02 22:55:48	DVLS1000	Book	 DVLS1000 2017-09-18 201 7:30-9:30	Success	 WST10233DVLS1000
2017-12-02 22:55:48	DVLS1000	GetAvailTimeSlot	 2017-09-18	Success	 DVL0 KKL3 WST4
2017-12-02 22:55:48	DVLS1000	Book	 DVLS1000 2017-09-18 201 10:00-12:30	Success	 WST39276DVLS1000
2017-12-02 22:55:48	DVLS1000	GetAvailTimeSlot	 2017-09-18	Success	 DVL5 KKL3 WST3
2017-12-02 22:55:48	DVLS1000	ChangeReservation	 WST39276DVLS1000 KKL 201 7:30-9:30	Success	 KKL16673DVLS1000
2017-12-02 22:55:48	DVLS1000	GetAvailTimeSlot	 2017-09-18	Success	 DVL5 KKL2 WST4
2017-12-02 22:55:48	DVLS1000	ChangeReservation	 KKL16673DVLS1000 WST 201 7:30-9:30	Failure	 
2017-12-04 17:35:32	DVLS1000	Book	 DVLS1000 2017-09-18 201 7:30-9:30	Success	 DVL10233DVLS1000
2017-12-04 17:35:32	DVLS1000	GetAvailTimeSlot	 2017-09-18	Success	 DVL 4 KKL 5 WST 5
2017-12-04 17:35:32	DVLS1000	Book	 DVLS1000 2017-09-18 201 10:00-12:30	Success	 DVL39276DVLS1000
2017-12-04 17:35:32	DVLS1000	GetAvailTimeSlot	 2017-09-18	Success	 DVL 3 KKL 5 WST 5
2017-12-04 17:35:32	DVLS1000	Book	 DVLS1000 2017-09-18 201 13:30-16:00	Success	 DVL56408DVLS1000
2017-12-04 17:35:32	DVLS1000	GetAvailTimeSlot	 2017-09-18	Success	 DVL 2 KKL 5 WST 5
2017-12-04 17:35:32	DVLS1000	Book	 DVLS1000 2017-09-18 201 17:00-18:00	Failure	 
2017-12-04 17:35:32	DVLS1000	GetAvailTimeSlot	 2017-09-18	Success	 DVL 2 KKL 5 WST 5
2017-12-04 17:35:32	DVLS1000	Book	 DVLS1000 2017-09-18 201 19:00-20:00	Failure	 
2017-12-04 17:35:32	DVLS1000	GetAvailTimeSlot	 2017-09-18	Success	 DVL 2 KKL 5 WST 5
2017-12-04 17:35:32	DVLS1000	Book	 DVLS1000 2017-09-18 201 7:30-9:30	Success	 KKL10233DVLS1000
2017-12-04 17:35:32	DVLS1000	GetAvailTimeSlot	 2017-09-18	Success	 DVL 0 KKL 4 WST 5
2017-12-04 17:35:32	DVLS1000	Book	 DVLS1000 2017-09-18 201 10:00-12:30	Success	 KKL39276DVLS1000
2017-12-04 17:35:32	DVLS1000	GetAvailTimeSlot	 2017-09-18	Success	 DVL 0 KKL 3 WST 5
2017-12-04 17:35:32	DVLS1000	Book	 DVLS1000 2017-09-18 201 13:30-16:00	Success	 KKL56408DVLS1000
2017-12-04 17:35:32	DVLS1000	GetAvailTimeSlot	 2017-09-18	Success	 DVL 0 KKL 2 WST 5
2017-12-04 17:35:32	DVLS1000	Book	 DVLS1000 2017-09-18 201 17:00-18:00	Failure	 
2017-12-04 17:35:32	DVLS1000	GetAvailTimeSlot	 2017-09-18	Success	 DVL 0 KKL 2 WST 5
2017-12-04 17:35:32	DVLS1000	Book	 DVLS1000 2017-09-18 201 19:00-20:00	Failure	 
2017-12-04 17:35:32	DVLS1000	GetAvailTimeSlot	 2017-09-18	Success	 DVL 0 KKL 2 WST 5
2017-12-04 17:35:32	DVLS1000	CancelBook	 KKL10233DVLS1000	Success	 
2017-12-04 17:35:32	DVLS1000	CancelBook	 KKL39276DVLS1000	Success	 
2017-12-04 17:35:32	DVLS1000	CancelBook	 KKL56408DVLS1000	Success	 
2017-12-04 17:35:32	DVLS1000	GetAvailTimeSlot	 2017-09-18	Success	 DVL 0 KKL 3 WST 5
2017-12-04 17:35:32	DVLS1000	Book	 DVLS1000 2017-09-18 201 7:30-9:30	Success	 WST10233DVLS1000
2017-12-04 17:35:32	DVLS1000	GetAvailTimeSlot	 2017-09-18	Success	 DVL 0 KKL 3 WST 4
2017-12-04 17:35:32	DVLS1000	Book	 DVLS1000 2017-09-18 201 10:00-12:30	Success	 WST39276DVLS1000
2017-12-04 17:35:32	DVLS1000	GetAvailTimeSlot	 2017-09-18	Success	 DVL 5 KKL 3 WST 3
2017-12-04 17:35:32	DVLS1000	ChangeReservation	 WST39276DVLS1000 KKL 201 7:30-9:30	Success	 KKL16673DVLS1000
2017-12-04 17:35:32	DVLS1000	GetAvailTimeSlot	 2017-09-18	Success	 DVL 5 KKL 2 WST 4
2017-12-04 17:35:32	DVLS1000	ChangeReservation	 KKL16673DVLS1000 WST 201 7:30-9:30	Failure	 
