2017-11-25 22:44:50	GetAvailTimeSlot	 2017-09-18	Success	 DVL0 KKL5 WST5
2017-11-25 23:29:40	GetAvailTimeSlot	 2017-09-18	Success	 DVL0 KKL0 WST5
2017-11-25 23:59:53	GetAvailTimeSlot	 2017-09-18	Success	 DVL0 KKL0 WST5
2017-11-26 00:07:21	CancelBook	 50305	Failure	 
2017-11-26 00:07:21	GetAvailTimeSlot	 2017-09-18	Success	 DVL0 KKL3 WST4
2017-11-26 00:24:17	CancelBook	 76582	Failure	 
2017-11-26 00:24:17	GetAvailTimeSlot	 2017-09-18	Success	 DVL0 KKL3 WST4
2017-11-26 00:27:59	CancelBook	 44255	Failure	 
2017-11-26 00:27:59	GetAvailTimeSlot	 2017-09-18	Success	 DVL0 KKL3 WST4
2017-11-26 00:34:19	CancelBook	 48336	Failure	 
2017-11-26 00:34:19	GetAvailTimeSlot	 2017-09-18	Success	 DVL0 KKL3 WST4
2017-11-26 00:36:02	CancelBook	 34361	Failure	 
2017-11-26 00:36:02	GetAvailTimeSlot	 2017-09-18	Success	 DVL0 KKL3 WST4
2017-11-26 20:31:03	CancelBook	 71085	Failure	 
2017-11-26 20:31:03	GetAvailTimeSlot	 2017-09-18	Success	 DVL0 KKL3 WST4
2017-11-26 21:29:17	CancelBook	 78715	Failure	 
2017-11-26 21:29:17	GetAvailTimeSlot	 2017-09-18	Success	 DVL0 KKL3 WST4
2017-11-27 10:32:38	CancelBook	 WST10233DVLS1000	Failure	 
2017-11-27 10:32:38	GetAvailTimeSlot	 2017-09-18	Success	 DVL0 KKL3 WST4
2017-11-30 20:23:21	CancelBook	 WST10233DVLS1000	Failure	 
2017-11-30 20:23:21	GetAvailTimeSlot	 2017-09-18	Success	 DVL0 KKL3 WST4
2017-11-30 21:34:09	CancelBook	 WST10233DVLS1000	Failure	 
2017-11-30 21:34:09	GetAvailTimeSlot	 2017-09-18	Success	 DVL0 KKL3 WST4
2017-12-02 22:55:48	DVLS1100	CancelBook	 WST10233DVLS1000	Failure	 
2017-12-02 22:55:48	DVLS1100	GetAvailTimeSlot	 2017-09-18	Success	 DVL0 KKL3 WST4
2017-12-04 17:35:32	DVLS1100	CancelBook	 WST10233DVLS1000	Failure	 
2017-12-04 17:35:32	DVLS1100	GetAvailTimeSlot	 2017-09-18	Success	 DVL 0 KKL 3 WST 4
