2017-11-25 22:44:50	Book	 KKLS1000 2017-09-18 201 7:30-9:30	Failure	 
2017-11-25 22:44:50	GetAvailTimeSlot	 2017-09-18	Success	 KKL5 DVL0 WST5
2017-11-25 22:44:50	Book	 KKLS1000 2017-09-18 201 10:00-12:30	Failure	 
2017-11-25 22:44:50	GetAvailTimeSlot	 2017-09-18	Success	 KKL5 DVL0 WST5
2017-11-25 22:44:50	Book	 KKLS1000 2017-09-18 201 13:30-16:00	Failure	 
2017-11-25 22:44:50	GetAvailTimeSlot	 2017-09-18	Success	 KKL5 DVL0 WST5
2017-11-25 22:44:50	Book	 KKLS1000 2017-09-18 201 17:00-18:00	Failure	 
2017-11-25 22:44:50	GetAvailTimeSlot	 2017-09-18	Success	 KKL5 DVL0 WST5
2017-11-25 22:44:50	Book	 KKLS1000 2017-09-18 201 19:00-20:00	Failure	 
2017-11-25 22:44:50	GetAvailTimeSlot	 2017-09-18	Success	 KKL5 DVL0 WST5
2017-11-25 23:29:40	Book	 KKLS1000 2017-09-18 201 7:30-9:30	Failure	 
2017-11-25 23:29:40	GetAvailTimeSlot	 2017-09-18	Success	 KKL2 DVL0 WST5
2017-11-25 23:29:40	Book	 KKLS1000 2017-09-18 201 10:00-12:30	Failure	 
2017-11-25 23:29:40	GetAvailTimeSlot	 2017-09-18	Success	 KKL2 DVL0 WST5
2017-11-25 23:29:40	Book	 KKLS1000 2017-09-18 201 13:30-16:00	Failure	 
2017-11-25 23:29:40	GetAvailTimeSlot	 2017-09-18	Success	 KKL2 DVL0 WST5
2017-11-25 23:29:40	Book	 KKLS1000 2017-09-18 201 17:00-18:00	Success	 57771
2017-11-25 23:29:40	GetAvailTimeSlot	 2017-09-18	Success	 KKL1 DVL0 WST5
2017-11-25 23:29:40	Book	 KKLS1000 2017-09-18 201 19:00-20:00	Success	 66426
2017-11-25 23:29:40	GetAvailTimeSlot	 2017-09-18	Success	 KKL0 DVL0 WST5
2017-11-25 23:46:25	Book	 KKLS1000 2017-09-18 201 7:30-9:30	Failure	 
2017-11-25 23:46:25	GetAvailTimeSlot	 2017-09-18	Success	 KKL2 DVL0 WST5
2017-11-25 23:46:27	Book	 KKLS1000 2017-09-18 201 10:00-12:30	Failure	 
2017-11-25 23:46:27	GetAvailTimeSlot	 2017-09-18	Success	 KKL2 DVL0 WST5
2017-11-25 23:46:28	Book	 KKLS1000 2017-09-18 201 13:30-16:00	Failure	 
2017-11-25 23:46:28	GetAvailTimeSlot	 2017-09-18	Success	 KKL2 DVL0 WST5
2017-11-25 23:46:30	Book	 KKLS1000 2017-09-18 201 17:00-18:00	Success	 86373
2017-11-25 23:46:30	GetAvailTimeSlot	 2017-09-18	Success	 KKL1 DVL0 WST5
2017-11-25 23:46:31	Book	 KKLS1000 2017-09-18 201 19:00-20:00	Success	 70510
2017-11-25 23:46:31	GetAvailTimeSlot	 2017-09-18	Success	 KKL0 DVL0 WST5
2017-11-25 23:48:08	Book	 KKLS1000 2017-09-18 201 7:30-9:30	Failure	 
2017-11-25 23:48:08	GetAvailTimeSlot	 2017-09-18	Success	 KKL2 DVL0 WST5
2017-11-25 23:48:08	Book	 KKLS1000 2017-09-18 201 10:00-12:30	Failure	 
2017-11-25 23:48:08	GetAvailTimeSlot	 2017-09-18	Success	 KKL2 DVL0 WST5
2017-11-25 23:48:08	Book	 KKLS1000 2017-09-18 201 13:30-16:00	Failure	 
2017-11-25 23:48:08	GetAvailTimeSlot	 2017-09-18	Success	 KKL2 DVL0 WST5
2017-11-25 23:48:08	Book	 KKLS1000 2017-09-18 201 17:00-18:00	Success	 49625
2017-11-25 23:48:08	GetAvailTimeSlot	 2017-09-18	Success	 KKL1 DVL0 WST5
2017-11-25 23:48:08	Book	 KKLS1000 2017-09-18 201 19:00-20:00	Success	 36133
2017-11-25 23:48:08	GetAvailTimeSlot	 2017-09-18	Success	 KKL0 DVL0 WST5
2017-11-25 23:49:05	Book	 KKLS1000 2017-09-18 201 7:30-9:30	Failure	 
2017-11-25 23:49:05	GetAvailTimeSlot	 2017-09-18	Success	 KKL2 DVL0 WST5
2017-11-25 23:49:05	Book	 KKLS1000 2017-09-18 201 10:00-12:30	Failure	 
2017-11-25 23:49:05	GetAvailTimeSlot	 2017-09-18	Success	 KKL2 DVL0 WST5
2017-11-25 23:49:05	Book	 KKLS1000 2017-09-18 201 13:30-16:00	Failure	 
2017-11-25 23:49:05	GetAvailTimeSlot	 2017-09-18	Success	 KKL2 DVL0 WST5
2017-11-25 23:49:05	Book	 KKLS1000 2017-09-18 201 17:00-18:00	Success	 11161
2017-11-25 23:49:05	GetAvailTimeSlot	 2017-09-18	Success	 KKL1 DVL0 WST5
2017-11-25 23:49:05	Book	 KKLS1000 2017-09-18 201 19:00-20:00	Success	 48794
2017-11-25 23:49:05	GetAvailTimeSlot	 2017-09-18	Success	 KKL0 DVL0 WST5
2017-11-26 00:07:21	Book	 KKLS1000 2017-09-18 201 7:30-9:30	Failure	 
2017-11-26 00:07:21	GetAvailTimeSlot	 2017-09-18	Success	 KKL2 DVL0 WST5
2017-11-26 00:07:21	Book	 KKLS1000 2017-09-18 201 10:00-12:30	Failure	 
2017-11-26 00:07:21	GetAvailTimeSlot	 2017-09-18	Success	 KKL2 DVL0 WST5
2017-11-26 00:07:21	Book	 KKLS1000 2017-09-18 201 13:30-16:00	Failure	 
2017-11-26 00:07:21	GetAvailTimeSlot	 2017-09-18	Success	 KKL2 DVL0 WST5
2017-11-26 00:07:21	Book	 KKLS1000 2017-09-18 201 17:00-18:00	Success	 30665
2017-11-26 00:07:21	GetAvailTimeSlot	 2017-09-18	Success	 KKL1 DVL0 WST5
2017-11-26 00:07:21	Book	 KKLS1000 2017-09-18 201 19:00-20:00	Success	 70639
2017-11-26 00:07:21	GetAvailTimeSlot	 2017-09-18	Success	 KKL0 DVL0 WST5
2017-11-26 00:24:17	Book	 KKLS1000 2017-09-18 201 7:30-9:30	Failure	 
2017-11-26 00:24:17	GetAvailTimeSlot	 2017-09-18	Success	 KKL2 DVL0 WST5
2017-11-26 00:24:17	Book	 KKLS1000 2017-09-18 201 10:00-12:30	Failure	 
2017-11-26 00:24:17	GetAvailTimeSlot	 2017-09-18	Success	 KKL2 DVL0 WST5
2017-11-26 00:24:17	Book	 KKLS1000 2017-09-18 201 13:30-16:00	Failure	 
2017-11-26 00:24:17	GetAvailTimeSlot	 2017-09-18	Success	 KKL2 DVL0 WST5
2017-11-26 00:24:17	Book	 KKLS1000 2017-09-18 201 17:00-18:00	Success	 31127
2017-11-26 00:24:17	GetAvailTimeSlot	 2017-09-18	Success	 KKL1 DVL0 WST5
2017-11-26 00:24:17	Book	 KKLS1000 2017-09-18 201 19:00-20:00	Success	 64040
2017-11-26 00:24:17	GetAvailTimeSlot	 2017-09-18	Success	 KKL0 DVL0 WST5
2017-11-26 00:27:59	Book	 KKLS1000 2017-09-18 201 7:30-9:30	Failure	 
2017-11-26 00:27:59	GetAvailTimeSlot	 2017-09-18	Success	 KKL2 DVL0 WST5
2017-11-26 00:27:59	Book	 KKLS1000 2017-09-18 201 10:00-12:30	Failure	 
2017-11-26 00:27:59	GetAvailTimeSlot	 2017-09-18	Success	 KKL2 DVL0 WST5
2017-11-26 00:27:59	Book	 KKLS1000 2017-09-18 201 13:30-16:00	Failure	 
2017-11-26 00:27:59	GetAvailTimeSlot	 2017-09-18	Success	 KKL2 DVL0 WST5
2017-11-26 00:27:59	Book	 KKLS1000 2017-09-18 201 17:00-18:00	Success	 70599
2017-11-26 00:27:59	GetAvailTimeSlot	 2017-09-18	Success	 KKL1 DVL0 WST5
2017-11-26 00:27:59	Book	 KKLS1000 2017-09-18 201 19:00-20:00	Success	 86362
2017-11-26 00:27:59	GetAvailTimeSlot	 2017-09-18	Success	 KKL0 DVL0 WST5
2017-11-26 00:34:19	Book	 KKLS1000 2017-09-18 201 7:30-9:30	Failure	 
2017-11-26 00:34:19	GetAvailTimeSlot	 2017-09-18	Success	 KKL2 DVL0 WST5
2017-11-26 00:34:19	Book	 KKLS1000 2017-09-18 201 10:00-12:30	Failure	 
2017-11-26 00:34:19	GetAvailTimeSlot	 2017-09-18	Success	 KKL2 DVL0 WST5
2017-11-26 00:34:19	Book	 KKLS1000 2017-09-18 201 13:30-16:00	Failure	 
2017-11-26 00:34:19	GetAvailTimeSlot	 2017-09-18	Success	 KKL2 DVL0 WST5
2017-11-26 00:34:19	Book	 KKLS1000 2017-09-18 201 17:00-18:00	Success	 14454
2017-11-26 00:34:19	GetAvailTimeSlot	 2017-09-18	Success	 KKL1 DVL0 WST5
2017-11-26 00:34:19	Book	 KKLS1000 2017-09-18 201 19:00-20:00	Success	 90305
2017-11-26 00:34:19	GetAvailTimeSlot	 2017-09-18	Success	 KKL0 DVL0 WST5
2017-11-26 00:36:02	Book	 KKLS1000 2017-09-18 201 7:30-9:30	Failure	 
2017-11-26 00:36:02	GetAvailTimeSlot	 2017-09-18	Success	 KKL2 DVL0 WST5
2017-11-26 00:36:02	Book	 KKLS1000 2017-09-18 201 10:00-12:30	Failure	 
2017-11-26 00:36:02	GetAvailTimeSlot	 2017-09-18	Success	 KKL2 DVL0 WST5
2017-11-26 00:36:02	Book	 KKLS1000 2017-09-18 201 13:30-16:00	Failure	 
2017-11-26 00:36:02	GetAvailTimeSlot	 2017-09-18	Success	 KKL2 DVL0 WST5
2017-11-26 00:36:02	Book	 KKLS1000 2017-09-18 201 17:00-18:00	Success	 38547
2017-11-26 00:36:02	GetAvailTimeSlot	 2017-09-18	Success	 KKL1 DVL0 WST5
2017-11-26 00:36:02	Book	 KKLS1000 2017-09-18 201 19:00-20:00	Success	 11663
2017-11-26 00:36:02	GetAvailTimeSlot	 2017-09-18	Success	 KKL0 DVL0 WST5
2017-11-26 20:31:03	Book	 KKLS1000 2017-09-18 201 7:30-9:30	Failure	 
2017-11-26 20:31:03	GetAvailTimeSlot	 2017-09-18	Success	 KKL2 DVL0 WST5
2017-11-26 20:31:03	Book	 KKLS1000 2017-09-18 201 10:00-12:30	Failure	 
2017-11-26 20:31:03	GetAvailTimeSlot	 2017-09-18	Success	 KKL2 DVL0 WST5
2017-11-26 20:31:03	Book	 KKLS1000 2017-09-18 201 13:30-16:00	Failure	 
2017-11-26 20:31:03	GetAvailTimeSlot	 2017-09-18	Success	 KKL2 DVL0 WST5
2017-11-26 20:31:03	Book	 KKLS1000 2017-09-18 201 17:00-18:00	Success	 95959
2017-11-26 20:31:03	GetAvailTimeSlot	 2017-09-18	Success	 KKL1 DVL0 WST5
2017-11-26 20:31:03	Book	 KKLS1000 2017-09-18 201 19:00-20:00	Success	 12260
2017-11-26 20:31:03	GetAvailTimeSlot	 2017-09-18	Success	 KKL0 DVL0 WST5
2017-11-26 21:29:17	Book	 KKLS1000 2017-09-18 201 7:30-9:30	Failure	 
2017-11-26 21:29:17	GetAvailTimeSlot	 2017-09-18	Success	 KKL2 DVL0 WST5
2017-11-26 21:29:17	Book	 KKLS1000 2017-09-18 201 10:00-12:30	Failure	 
2017-11-26 21:29:17	GetAvailTimeSlot	 2017-09-18	Success	 KKL2 DVL0 WST5
2017-11-26 21:29:17	Book	 KKLS1000 2017-09-18 201 13:30-16:00	Failure	 
2017-11-26 21:29:17	GetAvailTimeSlot	 2017-09-18	Success	 KKL2 DVL0 WST5
2017-11-26 21:29:17	Book	 KKLS1000 2017-09-18 201 17:00-18:00	Success	 30776
2017-11-26 21:29:17	GetAvailTimeSlot	 2017-09-18	Success	 KKL1 DVL0 WST5
2017-11-26 21:29:17	Book	 KKLS1000 2017-09-18 201 19:00-20:00	Success	 44810
2017-11-26 21:29:17	GetAvailTimeSlot	 2017-09-18	Success	 KKL0 DVL0 WST5
2017-11-27 10:26:33	Book	 KKLS1000 2017-09-18 201 7:30-9:30	Failure	 
2017-11-27 10:26:33	GetAvailTimeSlot	 2017-09-18	Success	 KKL2 DVL0 WST5
2017-11-27 10:26:33	Book	 KKLS1000 2017-09-18 201 10:00-12:30	Failure	 
2017-11-27 10:26:33	GetAvailTimeSlot	 2017-09-18	Success	 KKL2 DVL0 WST5
2017-11-27 10:26:33	Book	 KKLS1000 2017-09-18 201 13:30-16:00	Failure	 
2017-11-27 10:26:33	GetAvailTimeSlot	 2017-09-18	Success	 KKL2 DVL0 WST5
2017-11-27 10:26:33	Book	 KKLS1000 2017-09-18 201 17:00-18:00	Success	 KKL -1058173542 KKLS1000
2017-11-27 10:26:33	GetAvailTimeSlot	 2017-09-18	Success	 KKL1 DVL0 WST5
2017-11-27 10:26:33	Book	 KKLS1000 2017-09-18 201 19:00-20:00	Success	 KKL 1294393214 KKLS1000
2017-11-27 10:26:33	GetAvailTimeSlot	 2017-09-18	Success	 KKL0 DVL0 WST5
2017-11-27 10:28:35	Book	 KKLS1000 2017-09-18 201 7:30-9:30	Failure	 
2017-11-27 10:28:35	GetAvailTimeSlot	 2017-09-18	Success	 KKL2 DVL0 WST5
2017-11-27 10:28:35	Book	 KKLS1000 2017-09-18 201 10:00-12:30	Failure	 
2017-11-27 10:28:35	GetAvailTimeSlot	 2017-09-18	Success	 KKL2 DVL0 WST5
2017-11-27 10:28:35	Book	 KKLS1000 2017-09-18 201 13:30-16:00	Failure	 
2017-11-27 10:28:35	GetAvailTimeSlot	 2017-09-18	Success	 KKL2 DVL0 WST5
2017-11-27 10:28:35	Book	 KKLS1000 2017-09-18 201 17:00-18:00	Success	 KKL 96877 KKLS1000
2017-11-27 10:28:35	GetAvailTimeSlot	 2017-09-18	Success	 KKL1 DVL0 WST5
2017-11-27 10:28:35	Book	 KKLS1000 2017-09-18 201 19:00-20:00	Success	 KKL 96607 KKLS1000
2017-11-27 10:28:35	GetAvailTimeSlot	 2017-09-18	Success	 KKL0 DVL0 WST5
2017-11-27 10:32:38	Book	 KKLS1000 2017-09-18 201 7:30-9:30	Failure	 
2017-11-27 10:32:38	GetAvailTimeSlot	 2017-09-18	Success	 KKL2 DVL0 WST5
2017-11-27 10:32:38	Book	 KKLS1000 2017-09-18 201 10:00-12:30	Failure	 
2017-11-27 10:32:38	GetAvailTimeSlot	 2017-09-18	Success	 KKL2 DVL0 WST5
2017-11-27 10:32:38	Book	 KKLS1000 2017-09-18 201 13:30-16:00	Failure	 
2017-11-27 10:32:38	GetAvailTimeSlot	 2017-09-18	Success	 KKL2 DVL0 WST5
2017-11-27 10:32:38	Book	 KKLS1000 2017-09-18 201 17:00-18:00	Success	 KKL96877KKLS1000
2017-11-27 10:32:38	GetAvailTimeSlot	 2017-09-18	Success	 KKL1 DVL0 WST5
2017-11-27 10:32:38	Book	 KKLS1000 2017-09-18 201 19:00-20:00	Success	 KKL96607KKLS1000
2017-11-27 10:32:38	GetAvailTimeSlot	 2017-09-18	Success	 KKL0 DVL0 WST5
2017-11-30 20:23:21	Book	 KKLS1000 2017-09-18 201 7:30-9:30	Failure	 
2017-11-30 20:23:21	GetAvailTimeSlot	 2017-09-18	Success	 KKL2 DVL0 WST5
2017-11-30 20:23:21	Book	 KKLS1000 2017-09-18 201 10:00-12:30	Failure	 
2017-11-30 20:23:21	GetAvailTimeSlot	 2017-09-18	Success	 KKL2 DVL0 WST5
2017-11-30 20:23:21	Book	 KKLS1000 2017-09-18 201 13:30-16:00	Failure	 
2017-11-30 20:23:21	GetAvailTimeSlot	 2017-09-18	Success	 KKL2 DVL0 WST5
2017-11-30 20:23:21	Book	 KKLS1000 2017-09-18 201 17:00-18:00	Success	 KKL96877KKLS1000
2017-11-30 20:23:21	GetAvailTimeSlot	 2017-09-18	Success	 KKL1 DVL0 WST5
2017-11-30 20:23:21	Book	 KKLS1000 2017-09-18 201 19:00-20:00	Success	 KKL96607KKLS1000
2017-11-30 20:23:21	GetAvailTimeSlot	 2017-09-18	Success	 KKL0 DVL0 WST5
2017-11-30 21:34:09	Book	 KKLS1000 2017-09-18 201 7:30-9:30	Failure	 
2017-11-30 21:34:09	GetAvailTimeSlot	 2017-09-18	Success	 KKL2 DVL0 WST5
2017-11-30 21:34:09	Book	 KKLS1000 2017-09-18 201 10:00-12:30	Failure	 
2017-11-30 21:34:09	GetAvailTimeSlot	 2017-09-18	Success	 KKL2 DVL0 WST5
2017-11-30 21:34:09	Book	 KKLS1000 2017-09-18 201 13:30-16:00	Failure	 
2017-11-30 21:34:09	GetAvailTimeSlot	 2017-09-18	Success	 KKL2 DVL0 WST5
2017-11-30 21:34:09	Book	 KKLS1000 2017-09-18 201 17:00-18:00	Success	 KKL96877KKLS1000
2017-11-30 21:34:09	GetAvailTimeSlot	 2017-09-18	Success	 KKL1 DVL0 WST5
2017-11-30 21:34:09	Book	 KKLS1000 2017-09-18 201 19:00-20:00	Success	 KKL96607KKLS1000
2017-11-30 21:34:09	GetAvailTimeSlot	 2017-09-18	Success	 KKL0 DVL0 WST5
2017-12-02 22:55:48	KKLS1000	Book	 KKLS1000 2017-09-18 201 7:30-9:30	Failure	 
2017-12-02 22:55:48	KKLS1000	GetAvailTimeSlot	 2017-09-18	Success	 KKL2 DVL0 WST5
2017-12-02 22:55:48	KKLS1000	Book	 KKLS1000 2017-09-18 201 10:00-12:30	Failure	 
2017-12-02 22:55:48	KKLS1000	GetAvailTimeSlot	 2017-09-18	Success	 KKL2 DVL0 WST5
2017-12-02 22:55:48	KKLS1000	Book	 KKLS1000 2017-09-18 201 13:30-16:00	Failure	 
2017-12-02 22:55:48	KKLS1000	GetAvailTimeSlot	 2017-09-18	Success	 KKL2 DVL0 WST5
2017-12-02 22:55:48	KKLS1000	Book	 KKLS1000 2017-09-18 201 17:00-18:00	Success	 KKL96877KKLS1000
2017-12-02 22:55:48	KKLS1000	GetAvailTimeSlot	 2017-09-18	Success	 KKL1 DVL0 WST5
2017-12-02 22:55:48	KKLS1000	Book	 KKLS1000 2017-09-18 201 19:00-20:00	Success	 KKL96607KKLS1000
2017-12-02 22:55:48	KKLS1000	GetAvailTimeSlot	 2017-09-18	Success	 KKL0 DVL0 WST5
2017-12-04 17:35:32	KKLS1000	Book	 KKLS1000 2017-09-18 201 7:30-9:30	Failure	 
2017-12-04 17:35:32	KKLS1000	GetAvailTimeSlot	 2017-09-18	Success	 DVL 0 KKL 2 WST 5
2017-12-04 17:35:32	KKLS1000	Book	 KKLS1000 2017-09-18 201 10:00-12:30	Failure	 
2017-12-04 17:35:32	KKLS1000	GetAvailTimeSlot	 2017-09-18	Success	 DVL 0 KKL 2 WST 5
2017-12-04 17:35:32	KKLS1000	Book	 KKLS1000 2017-09-18 201 13:30-16:00	Failure	 
2017-12-04 17:35:32	KKLS1000	GetAvailTimeSlot	 2017-09-18	Success	 DVL 0 KKL 2 WST 5
2017-12-04 17:35:32	KKLS1000	Book	 KKLS1000 2017-09-18 201 17:00-18:00	Success	 KKL96877KKLS1000
2017-12-04 17:35:32	KKLS1000	GetAvailTimeSlot	 2017-09-18	Success	 DVL 0 KKL 1 WST 5
2017-12-04 17:35:32	KKLS1000	Book	 KKLS1000 2017-09-18 201 19:00-20:00	Success	 KKL96607KKLS1000
2017-12-04 17:35:32	KKLS1000	GetAvailTimeSlot	 2017-09-18	Success	 DVL 0 KKL 0 WST 5
